d:\ruitong-system\windows\sdk_test\sdkdemo\synchronousdemo\x64\release\asynchronousdemo.lib
d:\ruitong-system\windows\sdk_test\sdkdemo\synchronousdemo\x64\release\asynchronousdemo.exp
d:\ruitong-system\windows\sdk_test\sdkdemo\synchronousdemo\x64\release\asynchronousdemo.ipdb
d:\ruitong-system\windows\sdk_test\sdkdemo\synchronousdemo\x64\release\asynchronousdemo.iobj
d:\ruitong-system\windows\sdk_test\sdkdemo\asynchronousdemo\x64\release\vc141.pdb
d:\ruitong-system\windows\sdk_test\sdkdemo\asynchronousdemo\x64\release\asynchronousdemo.obj
d:\ruitong-system\windows\sdk_test\sdkdemo\synchronousdemo\x64\release\asynchronousdemo.exe
d:\ruitong-system\windows\sdk_test\sdkdemo\synchronousdemo\x64\release\asynchronousdemo.pdb
d:\ruitong-system\windows\sdk_test\sdkdemo\asynchronousdemo\x64\release\asynchronousdemo.ipdb
d:\ruitong-system\windows\sdk_test\sdkdemo\asynchronousdemo\x64\release\asynchronousdemo.iobj
d:\ruitong-system\windows\sdk_test\sdkdemo\asynchronousdemo\x64\release\vc142.pdb
d:\ruitong-system\windows\sdk_test\sdkdemo\asynchronousdemo\x64\release\vc143.pdb
d:\ruitong-system\windows\sdk_test\sdkdemo\asynchronousdemo\x64\release\asynchronousdemo.tlog\asynchronousdemo.write.1u.tlog
d:\ruitong-system\windows\sdk_test\sdkdemo\asynchronousdemo\x64\release\asynchronousdemo.tlog\cl.command.1.tlog
d:\ruitong-system\windows\sdk_test\sdkdemo\asynchronousdemo\x64\release\asynchronousdemo.tlog\cl.read.1.tlog
d:\ruitong-system\windows\sdk_test\sdkdemo\asynchronousdemo\x64\release\asynchronousdemo.tlog\cl.write.1.tlog
d:\ruitong-system\windows\sdk_test\sdkdemo\asynchronousdemo\x64\release\asynchronousdemo.tlog\link.13816.delete.1.tlog
d:\ruitong-system\windows\sdk_test\sdkdemo\asynchronousdemo\x64\release\asynchronousdemo.tlog\link.16596.delete.1.tlog
d:\ruitong-system\windows\sdk_test\sdkdemo\asynchronousdemo\x64\release\asynchronousdemo.tlog\link.20508.delete.1.tlog
d:\ruitong-system\windows\sdk_test\sdkdemo\asynchronousdemo\x64\release\asynchronousdemo.tlog\link.26912.delete.1.tlog
d:\ruitong-system\windows\sdk_test\sdkdemo\asynchronousdemo\x64\release\asynchronousdemo.tlog\link.27508.delete.1.tlog
d:\ruitong-system\windows\sdk_test\sdkdemo\asynchronousdemo\x64\release\asynchronousdemo.tlog\link.command.1.tlog
d:\ruitong-system\windows\sdk_test\sdkdemo\asynchronousdemo\x64\release\asynchronousdemo.tlog\link.read.1.tlog
d:\ruitong-system\windows\sdk_test\sdkdemo\asynchronousdemo\x64\release\asynchronousdemo.tlog\link.write.1.tlog
