d:\ruitong-system\windows\sdk_test\sdkdemo\synchronousdemo\synchronousdemo\x64\debug\vc142.pdb
d:\ruitong-system\windows\sdk_test\sdkdemo\synchronousdemo\synchronousdemo\x64\debug\vc142.idb
d:\ruitong-system\windows\sdk_test\sdkdemo\synchronousdemo\synchronousdemo\x64\debug\synchronousdemo.obj
d:\ruitong-system\windows\sdk_test\sdkdemo\synchronousdemo\x64\debug\synchronousdemo.lib
d:\ruitong-system\windows\sdk_test\sdkdemo\synchronousdemo\x64\debug\synchronousdemo.exp
d:\ruitong-system\windows\sdk_test\sdkdemo\synchronousdemo\x64\debug\synchronousdemo.exe
d:\ruitong-system\windows\sdk_test\sdkdemo\synchronousdemo\x64\debug\synchronousdemo.pdb
d:\ruitong-system\windows\sdk_test\sdkdemo\synchronousdemo\synchronousdemo\x64\debug\vc141.idb
d:\ruitong-system\windows\sdk_test\sdkdemo\synchronousdemo\synchronousdemo\x64\debug\vc143.idb
d:\ruitong-system\windows\sdk_test\sdkdemo\synchronousdemo\synchronousdemo\x64\debug\vc141.pdb
d:\ruitong-system\windows\sdk_test\sdkdemo\synchronousdemo\synchronousdemo\x64\debug\vc143.pdb
d:\ruitong-system\windows\sdk_test\sdkdemo\synchronousdemo\synchronousdemo\x64\debug\synchronousdemo.tlog\cl.command.1.tlog
d:\ruitong-system\windows\sdk_test\sdkdemo\synchronousdemo\synchronousdemo\x64\debug\synchronousdemo.tlog\cl.read.1.tlog
d:\ruitong-system\windows\sdk_test\sdkdemo\synchronousdemo\synchronousdemo\x64\debug\synchronousdemo.tlog\cl.write.1.tlog
d:\ruitong-system\windows\sdk_test\sdkdemo\synchronousdemo\synchronousdemo\x64\debug\synchronousdemo.tlog\link.34680.delete.1.tlog
d:\ruitong-system\windows\sdk_test\sdkdemo\synchronousdemo\synchronousdemo\x64\debug\synchronousdemo.tlog\link.79264.delete.1.tlog
d:\ruitong-system\windows\sdk_test\sdkdemo\synchronousdemo\synchronousdemo\x64\debug\synchronousdemo.tlog\link.command.1.tlog
d:\ruitong-system\windows\sdk_test\sdkdemo\synchronousdemo\synchronousdemo\x64\debug\synchronousdemo.tlog\link.read.1.tlog
d:\ruitong-system\windows\sdk_test\sdkdemo\synchronousdemo\synchronousdemo\x64\debug\synchronousdemo.tlog\link.write.1.tlog
d:\ruitong-system\windows\sdk_test\sdkdemo\synchronousdemo\synchronousdemo\x64\debug\synchronousdemo.tlog\synchronousdemo.write.1u.tlog
